<?xml version="1.0" encoding="UTF-8"?>
<testsuite xmlns:xsi="http://www.w3.org/2001/XMLSchema-instance" xsi:noNamespaceSchemaLocation="https://maven.apache.org/surefire/maven-surefire-plugin/xsd/surefire-test-report.xsd" name="com.ontology.verbalizer.VerbalizerApplicationTests" time="1.976" tests="1" errors="0" skipped="0" failures="0">
  <properties>
    <property name="java.specification.version" value="20"/>
    <property name="sun.jnu.encoding" value="UTF-8"/>
    <property name="java.class.path" value="/Users/ingridhagen/Desktop/OE/ontology-engineering/target/test-classes:/Users/ingridhagen/Desktop/OE/ontology-engineering/target/classes:/Users/ingridhagen/.m2/repository/org/springframework/boot/spring-boot-starter-web/3.0.6/spring-boot-starter-web-3.0.6.jar:/Users/ingridhagen/.m2/repository/org/springframework/boot/spring-boot-starter/3.0.6/spring-boot-starter-3.0.6.jar:/Users/ingridhagen/.m2/repository/org/springframework/boot/spring-boot/3.0.6/spring-boot-3.0.6.jar:/Users/ingridhagen/.m2/repository/org/springframework/boot/spring-boot-autoconfigure/3.0.6/spring-boot-autoconfigure-3.0.6.jar:/Users/ingridhagen/.m2/repository/org/springframework/boot/spring-boot-starter-logging/3.0.6/spring-boot-starter-logging-3.0.6.jar:/Users/ingridhagen/.m2/repository/ch/qos/logback/logback-classic/1.4.7/logback-classic-1.4.7.jar:/Users/ingridhagen/.m2/repository/ch/qos/logback/logback-core/1.4.7/logback-core-1.4.7.jar:/Users/ingridhagen/.m2/repository/org/apache/logging/log4j/log4j-to-slf4j/2.19.0/log4j-to-slf4j-2.19.0.jar:/Users/ingridhagen/.m2/repository/org/apache/logging/log4j/log4j-api/2.19.0/log4j-api-2.19.0.jar:/Users/ingridhagen/.m2/repository/org/slf4j/jul-to-slf4j/2.0.7/jul-to-slf4j-2.0.7.jar:/Users/ingridhagen/.m2/repository/org/yaml/snakeyaml/1.33/snakeyaml-1.33.jar:/Users/ingridhagen/.m2/repository/org/springframework/boot/spring-boot-starter-json/3.0.6/spring-boot-starter-json-3.0.6.jar:/Users/ingridhagen/.m2/repository/com/fasterxml/jackson/datatype/jackson-datatype-jdk8/2.14.2/jackson-datatype-jdk8-2.14.2.jar:/Users/ingridhagen/.m2/repository/com/fasterxml/jackson/datatype/jackson-datatype-jsr310/2.14.2/jackson-datatype-jsr310-2.14.2.jar:/Users/ingridhagen/.m2/repository/com/fasterxml/jackson/module/jackson-module-parameter-names/2.14.2/jackson-module-parameter-names-2.14.2.jar:/Users/ingridhagen/.m2/repository/org/springframework/spring-web/6.0.8/spring-web-6.0.8.jar:/Users/ingridhagen/.m2/repository/org/springframework/spring-beans/6.0.8/spring-beans-6.0.8.jar:/Users/ingridhagen/.m2/repository/io/micrometer/micrometer-observation/1.10.6/micrometer-observation-1.10.6.jar:/Users/ingridhagen/.m2/repository/io/micrometer/micrometer-commons/1.10.6/micrometer-commons-1.10.6.jar:/Users/ingridhagen/.m2/repository/org/springframework/spring-webmvc/6.0.8/spring-webmvc-6.0.8.jar:/Users/ingridhagen/.m2/repository/org/springframework/spring-aop/6.0.8/spring-aop-6.0.8.jar:/Users/ingridhagen/.m2/repository/org/springframework/spring-context/6.0.8/spring-context-6.0.8.jar:/Users/ingridhagen/.m2/repository/org/springframework/spring-expression/6.0.8/spring-expression-6.0.8.jar:/Users/ingridhagen/.m2/repository/org/springframework/boot/spring-boot-starter-tomcat/3.0.6/spring-boot-starter-tomcat-3.0.6.jar:/Users/ingridhagen/.m2/repository/jakarta/annotation/jakarta.annotation-api/2.1.1/jakarta.annotation-api-2.1.1.jar:/Users/ingridhagen/.m2/repository/org/apache/tomcat/embed/tomcat-embed-core/10.1.8/tomcat-embed-core-10.1.8.jar:/Users/ingridhagen/.m2/repository/org/apache/tomcat/embed/tomcat-embed-el/10.1.8/tomcat-embed-el-10.1.8.jar:/Users/ingridhagen/.m2/repository/org/apache/tomcat/embed/tomcat-embed-websocket/10.1.8/tomcat-embed-websocket-10.1.8.jar:/Users/ingridhagen/.m2/repository/org/springframework/boot/spring-boot-starter-test/3.0.6/spring-boot-starter-test-3.0.6.jar:/Users/ingridhagen/.m2/repository/org/springframework/boot/spring-boot-test/3.0.6/spring-boot-test-3.0.6.jar:/Users/ingridhagen/.m2/repository/org/springframework/boot/spring-boot-test-autoconfigure/3.0.6/spring-boot-test-autoconfigure-3.0.6.jar:/Users/ingridhagen/.m2/repository/com/jayway/jsonpath/json-path/2.7.0/json-path-2.7.0.jar:/Users/ingridhagen/.m2/repository/net/minidev/json-smart/2.4.10/json-smart-2.4.10.jar:/Users/ingridhagen/.m2/repository/net/minidev/accessors-smart/2.4.9/accessors-smart-2.4.9.jar:/Users/ingridhagen/.m2/repository/org/ow2/asm/asm/9.3/asm-9.3.jar:/Users/ingridhagen/.m2/repository/jakarta/xml/bind/jakarta.xml.bind-api/4.0.0/jakarta.xml.bind-api-4.0.0.jar:/Users/ingridhagen/.m2/repository/jakarta/activation/jakarta.activation-api/2.1.1/jakarta.activation-api-2.1.1.jar:/Users/ingridhagen/.m2/repository/org/assertj/assertj-core/3.23.1/assertj-core-3.23.1.jar:/Users/ingridhagen/.m2/repository/net/bytebuddy/byte-buddy/1.12.23/byte-buddy-1.12.23.jar:/Users/ingridhagen/.m2/repository/org/hamcrest/hamcrest/2.2/hamcrest-2.2.jar:/Users/ingridhagen/.m2/repository/org/junit/jupiter/junit-jupiter/5.9.2/junit-jupiter-5.9.2.jar:/Users/ingridhagen/.m2/repository/org/junit/jupiter/junit-jupiter-api/5.9.2/junit-jupiter-api-5.9.2.jar:/Users/ingridhagen/.m2/repository/org/opentest4j/opentest4j/1.2.0/opentest4j-1.2.0.jar:/Users/ingridhagen/.m2/repository/org/junit/platform/junit-platform-commons/1.9.2/junit-platform-commons-1.9.2.jar:/Users/ingridhagen/.m2/repository/org/apiguardian/apiguardian-api/1.1.2/apiguardian-api-1.1.2.jar:/Users/ingridhagen/.m2/repository/org/junit/jupiter/junit-jupiter-params/5.9.2/junit-jupiter-params-5.9.2.jar:/Users/ingridhagen/.m2/repository/org/junit/jupiter/junit-jupiter-engine/5.9.2/junit-jupiter-engine-5.9.2.jar:/Users/ingridhagen/.m2/repository/org/junit/platform/junit-platform-engine/1.9.2/junit-platform-engine-1.9.2.jar:/Users/ingridhagen/.m2/repository/org/mockito/mockito-core/4.8.1/mockito-core-4.8.1.jar:/Users/ingridhagen/.m2/repository/net/bytebuddy/byte-buddy-agent/1.12.23/byte-buddy-agent-1.12.23.jar:/Users/ingridhagen/.m2/repository/org/objenesis/objenesis/3.2/objenesis-3.2.jar:/Users/ingridhagen/.m2/repository/org/mockito/mockito-junit-jupiter/4.8.1/mockito-junit-jupiter-4.8.1.jar:/Users/ingridhagen/.m2/repository/org/skyscreamer/jsonassert/1.5.1/jsonassert-1.5.1.jar:/Users/ingridhagen/.m2/repository/com/vaadin/external/google/android-json/0.0.20131108.vaadin1/android-json-0.0.20131108.vaadin1.jar:/Users/ingridhagen/.m2/repository/org/springframework/spring-core/6.0.8/spring-core-6.0.8.jar:/Users/ingridhagen/.m2/repository/org/springframework/spring-jcl/6.0.8/spring-jcl-6.0.8.jar:/Users/ingridhagen/.m2/repository/org/springframework/spring-test/6.0.8/spring-test-6.0.8.jar:/Users/ingridhagen/.m2/repository/org/xmlunit/xmlunit-core/2.9.1/xmlunit-core-2.9.1.jar:/Users/ingridhagen/.m2/repository/net/sourceforge/owlapi/owlapi-api/5.5.0/owlapi-api-5.5.0.jar:/Users/ingridhagen/.m2/repository/org/tukaani/xz/1.9/xz-1.9.jar:/Users/ingridhagen/.m2/repository/org/apache/commons/commons-rdf-api/0.5.0/commons-rdf-api-0.5.0.jar:/Users/ingridhagen/.m2/repository/javax/inject/javax.inject/1/javax.inject-1.jar:/Users/ingridhagen/.m2/repository/com/github/vsonnier/hppcrt/0.7.5/hppcrt-0.7.5.jar:/Users/ingridhagen/.m2/repository/com/github/ben-manes/caffeine/caffeine/3.1.6/caffeine-3.1.6.jar:/Users/ingridhagen/.m2/repository/org/checkerframework/checker-qual/3.33.0/checker-qual-3.33.0.jar:/Users/ingridhagen/.m2/repository/com/google/errorprone/error_prone_annotations/2.18.0/error_prone_annotations-2.18.0.jar:/Users/ingridhagen/.m2/repository/com/google/guava/guava/31.1-jre/guava-31.1-jre.jar:/Users/ingridhagen/.m2/repository/com/google/guava/failureaccess/1.0.1/failureaccess-1.0.1.jar:/Users/ingridhagen/.m2/repository/com/google/guava/listenablefuture/9999.0-empty-to-avoid-conflict-with-guava/listenablefuture-9999.0-empty-to-avoid-conflict-with-guava.jar:/Users/ingridhagen/.m2/repository/com/google/j2objc/j2objc-annotations/1.3/j2objc-annotations-1.3.jar:/Users/ingridhagen/.m2/repository/com/google/code/findbugs/jsr305/3.0.2/jsr305-3.0.2.jar:/Users/ingridhagen/.m2/repository/org/slf4j/slf4j-api/2.0.7/slf4j-api-2.0.7.jar:/Users/ingridhagen/.m2/repository/commons-io/commons-io/2.11.0/commons-io-2.11.0.jar:/Users/ingridhagen/.m2/repository/net/sourceforge/owlapi/owlapi-osgidistribution/5.5.0/owlapi-osgidistribution-5.5.0.jar:/Users/ingridhagen/.m2/repository/com/fasterxml/jackson/core/jackson-core/2.14.2/jackson-core-2.14.2.jar:/Users/ingridhagen/.m2/repository/com/fasterxml/jackson/core/jackson-databind/2.14.2/jackson-databind-2.14.2.jar:/Users/ingridhagen/.m2/repository/com/fasterxml/jackson/core/jackson-annotations/2.14.2/jackson-annotations-2.14.2.jar:/Users/ingridhagen/.m2/repository/org/slf4j/jcl-over-slf4j/2.0.7/jcl-over-slf4j-2.0.7.jar:/Users/ingridhagen/.m2/repository/org/eclipse/rdf4j/rdf4j-model/4.2.0/rdf4j-model-4.2.0.jar:/Users/ingridhagen/.m2/repository/org/eclipse/rdf4j/rdf4j-model-api/4.2.0/rdf4j-model-api-4.2.0.jar:/Users/ingridhagen/.m2/repository/org/eclipse/rdf4j/rdf4j-model-vocabulary/4.2.0/rdf4j-model-vocabulary-4.2.0.jar:/Users/ingridhagen/.m2/repository/org/eclipse/rdf4j/rdf4j-rio-api/4.2.0/rdf4j-rio-api-4.2.0.jar:/Users/ingridhagen/.m2/repository/org/eclipse/rdf4j/rdf4j-rio-languages/4.2.0/rdf4j-rio-languages-4.2.0.jar:/Users/ingridhagen/.m2/repository/org/eclipse/rdf4j/rdf4j-rio-datatypes/4.2.0/rdf4j-rio-datatypes-4.2.0.jar:/Users/ingridhagen/.m2/repository/org/eclipse/rdf4j/rdf4j-rio-binary/4.2.0/rdf4j-rio-binary-4.2.0.jar:/Users/ingridhagen/.m2/repository/org/eclipse/rdf4j/rdf4j-rio-n3/4.2.0/rdf4j-rio-n3-4.2.0.jar:/Users/ingridhagen/.m2/repository/org/eclipse/rdf4j/rdf4j-rio-nquads/4.2.0/rdf4j-rio-nquads-4.2.0.jar:/Users/ingridhagen/.m2/repository/org/eclipse/rdf4j/rdf4j-rio-ntriples/4.2.0/rdf4j-rio-ntriples-4.2.0.jar:/Users/ingridhagen/.m2/repository/org/eclipse/rdf4j/rdf4j-rio-rdfjson/4.2.0/rdf4j-rio-rdfjson-4.2.0.jar:/Users/ingridhagen/.m2/repository/org/eclipse/rdf4j/rdf4j-rio-jsonld/4.2.0/rdf4j-rio-jsonld-4.2.0.jar:/Users/ingridhagen/.m2/repository/org/eclipse/rdf4j/rdf4j-rio-rdfxml/4.2.0/rdf4j-rio-rdfxml-4.2.0.jar:/Users/ingridhagen/.m2/repository/org/eclipse/rdf4j/rdf4j-rio-trix/4.2.0/rdf4j-rio-trix-4.2.0.jar:/Users/ingridhagen/.m2/repository/org/eclipse/rdf4j/rdf4j-rio-turtle/4.2.0/rdf4j-rio-turtle-4.2.0.jar:/Users/ingridhagen/.m2/repository/org/eclipse/rdf4j/rdf4j-rio-trig/4.2.0/rdf4j-rio-trig-4.2.0.jar:/Users/ingridhagen/.m2/repository/org/eclipse/rdf4j/rdf4j-rio-hdt/4.2.0/rdf4j-rio-hdt-4.2.0.jar:/Users/ingridhagen/.m2/repository/org/eclipse/rdf4j/rdf4j-common-util/4.2.0/rdf4j-common-util-4.2.0.jar:/Users/ingridhagen/.m2/repository/org/eclipse/rdf4j/rdf4j-common-annotation/4.2.0/rdf4j-common-annotation-4.2.0.jar:/Users/ingridhagen/.m2/repository/org/eclipse/rdf4j/rdf4j-common-exception/4.2.0/rdf4j-common-exception-4.2.0.jar:/Users/ingridhagen/.m2/repository/org/eclipse/rdf4j/rdf4j-common-text/4.2.0/rdf4j-common-text-4.2.0.jar:/Users/ingridhagen/.m2/repository/org/eclipse/rdf4j/rdf4j-common-io/4.2.0/rdf4j-common-io-4.2.0.jar:/Users/ingridhagen/.m2/repository/org/eclipse/rdf4j/rdf4j-common-iterator/4.2.0/rdf4j-common-iterator-4.2.0.jar:/Users/ingridhagen/.m2/repository/org/eclipse/rdf4j/rdf4j-common-xml/4.2.0/rdf4j-common-xml-4.2.0.jar:/Users/ingridhagen/.m2/repository/com/github/jsonld-java/jsonld-java/0.13.4/jsonld-java-0.13.4.jar:/Users/ingridhagen/.m2/repository/org/apache/httpcomponents/httpclient-osgi/4.5.14/httpclient-osgi-4.5.14.jar:/Users/ingridhagen/.m2/repository/org/apache/httpcomponents/httpmime/4.5.14/httpmime-4.5.14.jar:/Users/ingridhagen/.m2/repository/org/apache/httpcomponents/fluent-hc/4.5.14/fluent-hc-4.5.14.jar:/Users/ingridhagen/.m2/repository/org/apache/httpcomponents/httpcore-osgi/4.4.14/httpcore-osgi-4.4.14.jar:/Users/ingridhagen/.m2/repository/org/apache/httpcomponents/httpcore-nio/4.4.16/httpcore-nio-4.4.16.jar:/Users/ingridhagen/.m2/repository/org/apache/httpcomponents/httpclient/4.5.14/httpclient-4.5.14.jar:/Users/ingridhagen/.m2/repository/org/apache/httpcomponents/httpclient-cache/4.5.14/httpclient-cache-4.5.14.jar:/Users/ingridhagen/.m2/repository/org/apache/httpcomponents/httpcore/4.4.16/httpcore-4.4.16.jar:/Users/ingridhagen/.m2/repository/commons-codec/commons-codec/1.15/commons-codec-1.15.jar:/Users/ingridhagen/.m2/repository/commons-logging/commons-logging/1.2/commons-logging-1.2.jar:/Users/ingridhagen/.m2/repository/org/apache/servicemix/bundles/org.apache.servicemix.bundles.javax-inject/1_2/org.apache.servicemix.bundles.javax-inject-1_2.jar:/Users/ingridhagen/.m2/repository/com/googlecode/json-simple/json-simple/1.1.1/json-simple-1.1.1.jar:/Users/ingridhagen/.m2/repository/junit/junit/4.13.2/junit-4.13.2.jar:/Users/ingridhagen/.m2/repository/org/hamcrest/hamcrest-core/2.2/hamcrest-core-2.2.jar:/Users/ingridhagen/.m2/repository/org/apache/commons/commons-lang3/3.4/commons-lang3-3.4.jar:"/>
    <property name="java.vm.vendor" value="Homebrew"/>
    <property name="sun.arch.data.model" value="64"/>
    <property name="java.vendor.url" value="https://github.com/Homebrew/homebrew-core/issues"/>
    <property name="os.name" value="Mac OS X"/>
    <property name="java.vm.specification.version" value="20"/>
    <property name="sun.java.launcher" value="SUN_STANDARD"/>
    <property name="user.country" value="GB"/>
    <property name="sun.boot.library.path" value="/usr/local/Cellar/openjdk/20.0.1/libexec/openjdk.jdk/Contents/Home/lib"/>
    <property name="sun.java.command" value="/Users/ingridhagen/Desktop/OE/ontology-engineering/target/surefire/surefirebooter14853462477977233257.jar /Users/ingridhagen/Desktop/OE/ontology-engineering/target/surefire 2023-05-24T12-33-10_354-jvmRun1 surefire8914595182342216418tmp surefire_07902560321289623662tmp"/>
    <property name="http.nonProxyHosts" value="local|*.local|169.254/16|*.169.254/16"/>
    <property name="jdk.debug" value="release"/>
    <property name="surefire.test.class.path" value="/Users/ingridhagen/Desktop/OE/ontology-engineering/target/test-classes:/Users/ingridhagen/Desktop/OE/ontology-engineering/target/classes:/Users/ingridhagen/.m2/repository/org/springframework/boot/spring-boot-starter-web/3.0.6/spring-boot-starter-web-3.0.6.jar:/Users/ingridhagen/.m2/repository/org/springframework/boot/spring-boot-starter/3.0.6/spring-boot-starter-3.0.6.jar:/Users/ingridhagen/.m2/repository/org/springframework/boot/spring-boot/3.0.6/spring-boot-3.0.6.jar:/Users/ingridhagen/.m2/repository/org/springframework/boot/spring-boot-autoconfigure/3.0.6/spring-boot-autoconfigure-3.0.6.jar:/Users/ingridhagen/.m2/repository/org/springframework/boot/spring-boot-starter-logging/3.0.6/spring-boot-starter-logging-3.0.6.jar:/Users/ingridhagen/.m2/repository/ch/qos/logback/logback-classic/1.4.7/logback-classic-1.4.7.jar:/Users/ingridhagen/.m2/repository/ch/qos/logback/logback-core/1.4.7/logback-core-1.4.7.jar:/Users/ingridhagen/.m2/repository/org/apache/logging/log4j/log4j-to-slf4j/2.19.0/log4j-to-slf4j-2.19.0.jar:/Users/ingridhagen/.m2/repository/org/apache/logging/log4j/log4j-api/2.19.0/log4j-api-2.19.0.jar:/Users/ingridhagen/.m2/repository/org/slf4j/jul-to-slf4j/2.0.7/jul-to-slf4j-2.0.7.jar:/Users/ingridhagen/.m2/repository/org/yaml/snakeyaml/1.33/snakeyaml-1.33.jar:/Users/ingridhagen/.m2/repository/org/springframework/boot/spring-boot-starter-json/3.0.6/spring-boot-starter-json-3.0.6.jar:/Users/ingridhagen/.m2/repository/com/fasterxml/jackson/datatype/jackson-datatype-jdk8/2.14.2/jackson-datatype-jdk8-2.14.2.jar:/Users/ingridhagen/.m2/repository/com/fasterxml/jackson/datatype/jackson-datatype-jsr310/2.14.2/jackson-datatype-jsr310-2.14.2.jar:/Users/ingridhagen/.m2/repository/com/fasterxml/jackson/module/jackson-module-parameter-names/2.14.2/jackson-module-parameter-names-2.14.2.jar:/Users/ingridhagen/.m2/repository/org/springframework/spring-web/6.0.8/spring-web-6.0.8.jar:/Users/ingridhagen/.m2/repository/org/springframework/spring-beans/6.0.8/spring-beans-6.0.8.jar:/Users/ingridhagen/.m2/repository/io/micrometer/micrometer-observation/1.10.6/micrometer-observation-1.10.6.jar:/Users/ingridhagen/.m2/repository/io/micrometer/micrometer-commons/1.10.6/micrometer-commons-1.10.6.jar:/Users/ingridhagen/.m2/repository/org/springframework/spring-webmvc/6.0.8/spring-webmvc-6.0.8.jar:/Users/ingridhagen/.m2/repository/org/springframework/spring-aop/6.0.8/spring-aop-6.0.8.jar:/Users/ingridhagen/.m2/repository/org/springframework/spring-context/6.0.8/spring-context-6.0.8.jar:/Users/ingridhagen/.m2/repository/org/springframework/spring-expression/6.0.8/spring-expression-6.0.8.jar:/Users/ingridhagen/.m2/repository/org/springframework/boot/spring-boot-starter-tomcat/3.0.6/spring-boot-starter-tomcat-3.0.6.jar:/Users/ingridhagen/.m2/repository/jakarta/annotation/jakarta.annotation-api/2.1.1/jakarta.annotation-api-2.1.1.jar:/Users/ingridhagen/.m2/repository/org/apache/tomcat/embed/tomcat-embed-core/10.1.8/tomcat-embed-core-10.1.8.jar:/Users/ingridhagen/.m2/repository/org/apache/tomcat/embed/tomcat-embed-el/10.1.8/tomcat-embed-el-10.1.8.jar:/Users/ingridhagen/.m2/repository/org/apache/tomcat/embed/tomcat-embed-websocket/10.1.8/tomcat-embed-websocket-10.1.8.jar:/Users/ingridhagen/.m2/repository/org/springframework/boot/spring-boot-starter-test/3.0.6/spring-boot-starter-test-3.0.6.jar:/Users/ingridhagen/.m2/repository/org/springframework/boot/spring-boot-test/3.0.6/spring-boot-test-3.0.6.jar:/Users/ingridhagen/.m2/repository/org/springframework/boot/spring-boot-test-autoconfigure/3.0.6/spring-boot-test-autoconfigure-3.0.6.jar:/Users/ingridhagen/.m2/repository/com/jayway/jsonpath/json-path/2.7.0/json-path-2.7.0.jar:/Users/ingridhagen/.m2/repository/net/minidev/json-smart/2.4.10/json-smart-2.4.10.jar:/Users/ingridhagen/.m2/repository/net/minidev/accessors-smart/2.4.9/accessors-smart-2.4.9.jar:/Users/ingridhagen/.m2/repository/org/ow2/asm/asm/9.3/asm-9.3.jar:/Users/ingridhagen/.m2/repository/jakarta/xml/bind/jakarta.xml.bind-api/4.0.0/jakarta.xml.bind-api-4.0.0.jar:/Users/ingridhagen/.m2/repository/jakarta/activation/jakarta.activation-api/2.1.1/jakarta.activation-api-2.1.1.jar:/Users/ingridhagen/.m2/repository/org/assertj/assertj-core/3.23.1/assertj-core-3.23.1.jar:/Users/ingridhagen/.m2/repository/net/bytebuddy/byte-buddy/1.12.23/byte-buddy-1.12.23.jar:/Users/ingridhagen/.m2/repository/org/hamcrest/hamcrest/2.2/hamcrest-2.2.jar:/Users/ingridhagen/.m2/repository/org/junit/jupiter/junit-jupiter/5.9.2/junit-jupiter-5.9.2.jar:/Users/ingridhagen/.m2/repository/org/junit/jupiter/junit-jupiter-api/5.9.2/junit-jupiter-api-5.9.2.jar:/Users/ingridhagen/.m2/repository/org/opentest4j/opentest4j/1.2.0/opentest4j-1.2.0.jar:/Users/ingridhagen/.m2/repository/org/junit/platform/junit-platform-commons/1.9.2/junit-platform-commons-1.9.2.jar:/Users/ingridhagen/.m2/repository/org/apiguardian/apiguardian-api/1.1.2/apiguardian-api-1.1.2.jar:/Users/ingridhagen/.m2/repository/org/junit/jupiter/junit-jupiter-params/5.9.2/junit-jupiter-params-5.9.2.jar:/Users/ingridhagen/.m2/repository/org/junit/jupiter/junit-jupiter-engine/5.9.2/junit-jupiter-engine-5.9.2.jar:/Users/ingridhagen/.m2/repository/org/junit/platform/junit-platform-engine/1.9.2/junit-platform-engine-1.9.2.jar:/Users/ingridhagen/.m2/repository/org/mockito/mockito-core/4.8.1/mockito-core-4.8.1.jar:/Users/ingridhagen/.m2/repository/net/bytebuddy/byte-buddy-agent/1.12.23/byte-buddy-agent-1.12.23.jar:/Users/ingridhagen/.m2/repository/org/objenesis/objenesis/3.2/objenesis-3.2.jar:/Users/ingridhagen/.m2/repository/org/mockito/mockito-junit-jupiter/4.8.1/mockito-junit-jupiter-4.8.1.jar:/Users/ingridhagen/.m2/repository/org/skyscreamer/jsonassert/1.5.1/jsonassert-1.5.1.jar:/Users/ingridhagen/.m2/repository/com/vaadin/external/google/android-json/0.0.20131108.vaadin1/android-json-0.0.20131108.vaadin1.jar:/Users/ingridhagen/.m2/repository/org/springframework/spring-core/6.0.8/spring-core-6.0.8.jar:/Users/ingridhagen/.m2/repository/org/springframework/spring-jcl/6.0.8/spring-jcl-6.0.8.jar:/Users/ingridhagen/.m2/repository/org/springframework/spring-test/6.0.8/spring-test-6.0.8.jar:/Users/ingridhagen/.m2/repository/org/xmlunit/xmlunit-core/2.9.1/xmlunit-core-2.9.1.jar:/Users/ingridhagen/.m2/repository/net/sourceforge/owlapi/owlapi-api/5.5.0/owlapi-api-5.5.0.jar:/Users/ingridhagen/.m2/repository/org/tukaani/xz/1.9/xz-1.9.jar:/Users/ingridhagen/.m2/repository/org/apache/commons/commons-rdf-api/0.5.0/commons-rdf-api-0.5.0.jar:/Users/ingridhagen/.m2/repository/javax/inject/javax.inject/1/javax.inject-1.jar:/Users/ingridhagen/.m2/repository/com/github/vsonnier/hppcrt/0.7.5/hppcrt-0.7.5.jar:/Users/ingridhagen/.m2/repository/com/github/ben-manes/caffeine/caffeine/3.1.6/caffeine-3.1.6.jar:/Users/ingridhagen/.m2/repository/org/checkerframework/checker-qual/3.33.0/checker-qual-3.33.0.jar:/Users/ingridhagen/.m2/repository/com/google/errorprone/error_prone_annotations/2.18.0/error_prone_annotations-2.18.0.jar:/Users/ingridhagen/.m2/repository/com/google/guava/guava/31.1-jre/guava-31.1-jre.jar:/Users/ingridhagen/.m2/repository/com/google/guava/failureaccess/1.0.1/failureaccess-1.0.1.jar:/Users/ingridhagen/.m2/repository/com/google/guava/listenablefuture/9999.0-empty-to-avoid-conflict-with-guava/listenablefuture-9999.0-empty-to-avoid-conflict-with-guava.jar:/Users/ingridhagen/.m2/repository/com/google/j2objc/j2objc-annotations/1.3/j2objc-annotations-1.3.jar:/Users/ingridhagen/.m2/repository/com/google/code/findbugs/jsr305/3.0.2/jsr305-3.0.2.jar:/Users/ingridhagen/.m2/repository/org/slf4j/slf4j-api/2.0.7/slf4j-api-2.0.7.jar:/Users/ingridhagen/.m2/repository/commons-io/commons-io/2.11.0/commons-io-2.11.0.jar:/Users/ingridhagen/.m2/repository/net/sourceforge/owlapi/owlapi-osgidistribution/5.5.0/owlapi-osgidistribution-5.5.0.jar:/Users/ingridhagen/.m2/repository/com/fasterxml/jackson/core/jackson-core/2.14.2/jackson-core-2.14.2.jar:/Users/ingridhagen/.m2/repository/com/fasterxml/jackson/core/jackson-databind/2.14.2/jackson-databind-2.14.2.jar:/Users/ingridhagen/.m2/repository/com/fasterxml/jackson/core/jackson-annotations/2.14.2/jackson-annotations-2.14.2.jar:/Users/ingridhagen/.m2/repository/org/slf4j/jcl-over-slf4j/2.0.7/jcl-over-slf4j-2.0.7.jar:/Users/ingridhagen/.m2/repository/org/eclipse/rdf4j/rdf4j-model/4.2.0/rdf4j-model-4.2.0.jar:/Users/ingridhagen/.m2/repository/org/eclipse/rdf4j/rdf4j-model-api/4.2.0/rdf4j-model-api-4.2.0.jar:/Users/ingridhagen/.m2/repository/org/eclipse/rdf4j/rdf4j-model-vocabulary/4.2.0/rdf4j-model-vocabulary-4.2.0.jar:/Users/ingridhagen/.m2/repository/org/eclipse/rdf4j/rdf4j-rio-api/4.2.0/rdf4j-rio-api-4.2.0.jar:/Users/ingridhagen/.m2/repository/org/eclipse/rdf4j/rdf4j-rio-languages/4.2.0/rdf4j-rio-languages-4.2.0.jar:/Users/ingridhagen/.m2/repository/org/eclipse/rdf4j/rdf4j-rio-datatypes/4.2.0/rdf4j-rio-datatypes-4.2.0.jar:/Users/ingridhagen/.m2/repository/org/eclipse/rdf4j/rdf4j-rio-binary/4.2.0/rdf4j-rio-binary-4.2.0.jar:/Users/ingridhagen/.m2/repository/org/eclipse/rdf4j/rdf4j-rio-n3/4.2.0/rdf4j-rio-n3-4.2.0.jar:/Users/ingridhagen/.m2/repository/org/eclipse/rdf4j/rdf4j-rio-nquads/4.2.0/rdf4j-rio-nquads-4.2.0.jar:/Users/ingridhagen/.m2/repository/org/eclipse/rdf4j/rdf4j-rio-ntriples/4.2.0/rdf4j-rio-ntriples-4.2.0.jar:/Users/ingridhagen/.m2/repository/org/eclipse/rdf4j/rdf4j-rio-rdfjson/4.2.0/rdf4j-rio-rdfjson-4.2.0.jar:/Users/ingridhagen/.m2/repository/org/eclipse/rdf4j/rdf4j-rio-jsonld/4.2.0/rdf4j-rio-jsonld-4.2.0.jar:/Users/ingridhagen/.m2/repository/org/eclipse/rdf4j/rdf4j-rio-rdfxml/4.2.0/rdf4j-rio-rdfxml-4.2.0.jar:/Users/ingridhagen/.m2/repository/org/eclipse/rdf4j/rdf4j-rio-trix/4.2.0/rdf4j-rio-trix-4.2.0.jar:/Users/ingridhagen/.m2/repository/org/eclipse/rdf4j/rdf4j-rio-turtle/4.2.0/rdf4j-rio-turtle-4.2.0.jar:/Users/ingridhagen/.m2/repository/org/eclipse/rdf4j/rdf4j-rio-trig/4.2.0/rdf4j-rio-trig-4.2.0.jar:/Users/ingridhagen/.m2/repository/org/eclipse/rdf4j/rdf4j-rio-hdt/4.2.0/rdf4j-rio-hdt-4.2.0.jar:/Users/ingridhagen/.m2/repository/org/eclipse/rdf4j/rdf4j-common-util/4.2.0/rdf4j-common-util-4.2.0.jar:/Users/ingridhagen/.m2/repository/org/eclipse/rdf4j/rdf4j-common-annotation/4.2.0/rdf4j-common-annotation-4.2.0.jar:/Users/ingridhagen/.m2/repository/org/eclipse/rdf4j/rdf4j-common-exception/4.2.0/rdf4j-common-exception-4.2.0.jar:/Users/ingridhagen/.m2/repository/org/eclipse/rdf4j/rdf4j-common-text/4.2.0/rdf4j-common-text-4.2.0.jar:/Users/ingridhagen/.m2/repository/org/eclipse/rdf4j/rdf4j-common-io/4.2.0/rdf4j-common-io-4.2.0.jar:/Users/ingridhagen/.m2/repository/org/eclipse/rdf4j/rdf4j-common-iterator/4.2.0/rdf4j-common-iterator-4.2.0.jar:/Users/ingridhagen/.m2/repository/org/eclipse/rdf4j/rdf4j-common-xml/4.2.0/rdf4j-common-xml-4.2.0.jar:/Users/ingridhagen/.m2/repository/com/github/jsonld-java/jsonld-java/0.13.4/jsonld-java-0.13.4.jar:/Users/ingridhagen/.m2/repository/org/apache/httpcomponents/httpclient-osgi/4.5.14/httpclient-osgi-4.5.14.jar:/Users/ingridhagen/.m2/repository/org/apache/httpcomponents/httpmime/4.5.14/httpmime-4.5.14.jar:/Users/ingridhagen/.m2/repository/org/apache/httpcomponents/fluent-hc/4.5.14/fluent-hc-4.5.14.jar:/Users/ingridhagen/.m2/repository/org/apache/httpcomponents/httpcore-osgi/4.4.14/httpcore-osgi-4.4.14.jar:/Users/ingridhagen/.m2/repository/org/apache/httpcomponents/httpcore-nio/4.4.16/httpcore-nio-4.4.16.jar:/Users/ingridhagen/.m2/repository/org/apache/httpcomponents/httpclient/4.5.14/httpclient-4.5.14.jar:/Users/ingridhagen/.m2/repository/org/apache/httpcomponents/httpclient-cache/4.5.14/httpclient-cache-4.5.14.jar:/Users/ingridhagen/.m2/repository/org/apache/httpcomponents/httpcore/4.4.16/httpcore-4.4.16.jar:/Users/ingridhagen/.m2/repository/commons-codec/commons-codec/1.15/commons-codec-1.15.jar:/Users/ingridhagen/.m2/repository/commons-logging/commons-logging/1.2/commons-logging-1.2.jar:/Users/ingridhagen/.m2/repository/org/apache/servicemix/bundles/org.apache.servicemix.bundles.javax-inject/1_2/org.apache.servicemix.bundles.javax-inject-1_2.jar:/Users/ingridhagen/.m2/repository/com/googlecode/json-simple/json-simple/1.1.1/json-simple-1.1.1.jar:/Users/ingridhagen/.m2/repository/junit/junit/4.13.2/junit-4.13.2.jar:/Users/ingridhagen/.m2/repository/org/hamcrest/hamcrest-core/2.2/hamcrest-core-2.2.jar:/Users/ingridhagen/.m2/repository/org/apache/commons/commons-lang3/3.4/commons-lang3-3.4.jar:"/>
    <property name="sun.cpu.endian" value="little"/>
    <property name="user.home" value="/Users/ingridhagen"/>
    <property name="user.language" value="en"/>
    <property name="java.specification.vendor" value="Oracle Corporation"/>
    <property name="java.version.date" value="2023-04-18"/>
    <property name="java.home" value="/usr/local/Cellar/openjdk/20.0.1/libexec/openjdk.jdk/Contents/Home"/>
    <property name="file.separator" value="/"/>
    <property name="basedir" value="/Users/ingridhagen/Desktop/OE/ontology-engineering"/>
    <property name="java.vm.compressedOopsMode" value="Zero based"/>
    <property name="line.separator" value="&#10;"/>
    <property name="java.vm.specification.vendor" value="Oracle Corporation"/>
    <property name="java.specification.name" value="Java Platform API Specification"/>
    <property name="apple.awt.application.name" value="ForkedBooter"/>
    <property name="surefire.real.class.path" value="/Users/ingridhagen/Desktop/OE/ontology-engineering/target/surefire/surefirebooter14853462477977233257.jar"/>
    <property name="sun.management.compiler" value="HotSpot 64-Bit Tiered Compilers"/>
    <property name="ftp.nonProxyHosts" value="local|*.local|169.254/16|*.169.254/16"/>
    <property name="java.runtime.version" value="20.0.1"/>
    <property name="user.name" value="ingridhagen"/>
    <property name="stdout.encoding" value="UTF-8"/>
    <property name="path.separator" value=":"/>
    <property name="os.version" value="12.4"/>
    <property name="java.runtime.name" value="OpenJDK Runtime Environment"/>
    <property name="file.encoding" value="UTF-8"/>
    <property name="java.vm.name" value="OpenJDK 64-Bit Server VM"/>
    <property name="java.vendor.version" value="Homebrew"/>
    <property name="localRepository" value="/Users/ingridhagen/.m2/repository"/>
    <property name="java.vendor.url.bug" value="https://github.com/Homebrew/homebrew-core/issues"/>
    <property name="java.io.tmpdir" value="/var/folders/zg/4t2s9nw55bs5mjm6twg24lrc0000gn/T/"/>
    <property name="java.version" value="20.0.1"/>
    <property name="user.dir" value="/Users/ingridhagen/Desktop/OE/ontology-engineering"/>
    <property name="os.arch" value="x86_64"/>
    <property name="java.vm.specification.name" value="Java Virtual Machine Specification"/>
    <property name="native.encoding" value="UTF-8"/>
    <property name="java.library.path" value="/Users/ingridhagen/Library/Java/Extensions:/Library/Java/Extensions:/Network/Library/Java/Extensions:/System/Library/Java/Extensions:/usr/lib/java:."/>
    <property name="java.vm.info" value="mixed mode, sharing"/>
    <property name="stderr.encoding" value="UTF-8"/>
    <property name="java.vendor" value="Homebrew"/>
    <property name="java.vm.version" value="20.0.1"/>
    <property name="sun.io.unicode.encoding" value="UnicodeBig"/>
    <property name="socksNonProxyHosts" value="local|*.local|169.254/16|*.169.254/16"/>
    <property name="java.class.version" value="64.0"/>
  </properties>
  <testcase name="contextLoads" classname="com.ontology.verbalizer.VerbalizerApplicationTests" time="0.39"/>
</testsuite>